ArchitectureExample/app/build/intermediates/manifest_merge_blame_file/debug/manifest-merger-blame-debug-report.txt
1<?xml version="1.0" encoding="utf-8"?>
2<manifest xmlns:android="http://schemas.android.com/apk/res/android"
3    package="com.example.architectureexample"
4    android:versionCode="1"
5    android:versionName="1.0" >
6
7    <uses-sdk
8        android:minSdkVersion="19"
8-->src\main\AndroidManifest.xml
9        android:targetSdkVersion="29" />
9-->src\main\AndroidManifest.xml
10
11    <application
11-->src\main\AndroidManifest.xml:5:5-28:19
12        android:allowBackup="true"
12-->src\main\AndroidManifest.xml:6:9-35
13        android:appComponentFactory="androidx.core.app.CoreComponentFactory"
13-->[androidx.core:core:1.3.1] AndroidManifest.xml:24:18-86
14        android:debuggable="true"
15        android:icon="@mipmap/ic_launcher"
15-->src\main\AndroidManifest.xml:7:9-43
16        android:label="@string/app_name"
16-->src\main\AndroidManifest.xml:8:9-41
17        android:roundIcon="@mipmap/ic_launcher_round"
17-->src\main\AndroidManifest.xml:9:9-54
18        android:supportsRtl="true"
18-->src\main\AndroidManifest.xml:10:9-35
19        android:testOnly="true"
20        android:theme="@style/Theme.ArchitectureExample" >
20-->src\main\AndroidManifest.xml:11:9-57
21        <activity
21-->src\main\AndroidManifest.xml:12:9-14:67
22            android:name="com.example.architectureexample.AddNoteActivity"
22-->src\main\AndroidManifest.xml:13:13-44
23            android:parentActivityName="com.example.architectureexample.MainActivity" />
23-->src\main\AndroidManifest.xml:14:13-55
24        <activity
24-->src\main\AndroidManifest.xml:15:9-24:20
25            android:name="com.example.architectureexample.MainActivity"
25-->src\main\AndroidManifest.xml:16:13-41
26            android:launchMode="singleTop" >
26-->src\main\AndroidManifest.xml:17:13-43
27            <intent-filter>
27-->src\main\AndroidManifest.xml:18:13-22:29
28                <action android:name="android.intent.action.MAIN" />
28-->src\main\AndroidManifest.xml:19:17-69
28-->src\main\AndroidManifest.xml:19:25-66
29
30                <category android:name="android.intent.category.LAUNCHER" />
30-->src\main\AndroidManifest.xml:21:17-77
30-->src\main\AndroidManifest.xml:21:27-74
31            </intent-filter>
32        </activity>
33        <activity
33-->src\main\AndroidManifest.xml:25:9-27:58
34            android:name="com.example.architectureexample.AddEditNoteActivity"
34-->src\main\AndroidManifest.xml:26:13-48
35            android:parentActivityName="com.example.architectureexample.MainActivity" />
35-->src\main\AndroidManifest.xml:27:13-55
36
37        <service
37-->[androidx.room:room-runtime:2.2.5] AndroidManifest.xml:25:9-28:40
38            android:name="androidx.room.MultiInstanceInvalidationService"
38-->[androidx.room:room-runtime:2.2.5] AndroidManifest.xml:26:13-74
39            android:directBootAware="true"
39-->[androidx.room:room-runtime:2.2.5] AndroidManifest.xml:27:13-43
40            android:exported="false" />
40-->[androidx.room:room-runtime:2.2.5] AndroidManifest.xml:28:13-37
41
42        <provider
42-->[androidx.lifecycle:lifecycle-process:2.2.0] AndroidManifest.xml:25:9-29:43
43            android:name="androidx.lifecycle.ProcessLifecycleOwnerInitializer"
43-->[androidx.lifecycle:lifecycle-process:2.2.0] AndroidManifest.xml:26:13-79
44            android:authorities="com.example.architectureexample.lifecycle-process"
44-->[androidx.lifecycle:lifecycle-process:2.2.0] AndroidManifest.xml:27:13-69
45            android:exported="false"
45-->[androidx.lifecycle:lifecycle-process:2.2.0] AndroidManifest.xml:28:13-37
46            android:multiprocess="true" />
46-->[androidx.lifecycle:lifecycle-process:2.2.0] AndroidManifest.xml:29:13-40
47    </application>
48
49</manifest>